[ 2016-06-24T10:21:03+08:00 ] ::1 /1/gg/XDLProject/Enjoyeat/Public/Assets/css/my.css
ERR: 无法加载模块:Public

[ 2016-06-24T10:21:07+08:00 ] ::1 /1/gg/XDLProject/Enjoyeat/Public/Assets/css/my.css
ERR: 无法加载模块:Public

[ 2016-06-24T10:21:12+08:00 ] ::1 /1/gg/XDLProject/Enjoyeat/Public/Assets/css/my.css
ERR: 无法加载模块:Public

[ 2016-06-24T10:21:14+08:00 ] ::1 /1/gg/XDLProject/Enjoyeat/Public/Assets/css/my.css
ERR: 无法加载模块:Public

[ 2016-06-24T10:21:16+08:00 ] ::1 /1/gg/XDLProject/Enjoyeat/Public/Assets/css/my.css
ERR: 无法加载模块:Public

[ 2016-06-24T10:21:17+08:00 ] ::1 /1/gg/XDLProject/Enjoyeat/Public/Assets/css/my.css
ERR: 无法加载模块:Public

[ 2016-06-24T10:21:19+08:00 ] ::1 /1/gg/XDLProject/Enjoyeat/Public/Assets/css/my.css
ERR: 无法加载模块:Public

[ 2016-06-24T10:21:21+08:00 ] ::1 /1/gg/XDLProject/Enjoyeat/Public/Assets/css/my.css
ERR: 无法加载模块:Public

[ 2016-06-24T10:23:05+08:00 ] ::1 /1/gg/XDLProject/Enjoyeat/Public/Shop/ready/nevermore.js
ERR: 无法加载模块:Public

[ 2016-06-24T10:23:05+08:00 ] ::1 /1/gg/XDLProject/Enjoyeat/Public/Shop/ready/ga.js
ERR: 无法加载模块:Public

[ 2016-06-24T10:23:05+08:00 ] ::1 /1/gg/XDLProject/Enjoyeat/Public/Shop/ready/vendor.js
ERR: 无法加载模块:Public

[ 2016-06-24T10:23:05+08:00 ] ::1 /1/gg/XDLProject/Enjoyeat/Public/Shop/ready/app.js
ERR: 无法加载模块:Public

[ 2016-06-24T10:23:05+08:00 ] ::1 /1/gg/XDLProject/Enjoyeat/Public/Shop/ready/analytics.js
ERR: 无法加载模块:Public

[ 2016-06-24T10:23:31+08:00 ] ::1 /1/gg/XDLProject/Enjoyeat/Public/Shop/ready/nevermore.js
ERR: 无法加载模块:Public

[ 2016-06-24T10:23:31+08:00 ] ::1 /1/gg/XDLProject/Enjoyeat/Public/Shop/ready/analytics.js
ERR: 无法加载模块:Public

[ 2016-06-24T10:23:31+08:00 ] ::1 /1/gg/XDLProject/Enjoyeat/Public/Shop/ready/ga.js
ERR: 无法加载模块:Public

[ 2016-06-24T10:23:32+08:00 ] ::1 /1/gg/XDLProject/Enjoyeat/Public/Shop/ready/vendor.js
ERR: 无法加载模块:Public

[ 2016-06-24T10:23:32+08:00 ] ::1 /1/gg/XDLProject/Enjoyeat/Public/Shop/ready/app.js
ERR: 无法加载模块:Public

[ 2016-06-24T10:24:03+08:00 ] ::1 /1/gg/XDLProject/Enjoyeat/Public/Shop/ready/app.js
ERR: 无法加载模块:Public

[ 2016-06-24T10:24:03+08:00 ] ::1 /1/gg/XDLProject/Enjoyeat/Public/Shop/ready/ga.js
ERR: 无法加载模块:Public

[ 2016-06-24T10:24:03+08:00 ] ::1 /1/gg/XDLProject/Enjoyeat/Public/Shop/ready/nevermore.js
ERR: 无法加载模块:Public

[ 2016-06-24T10:24:03+08:00 ] ::1 /1/gg/XDLProject/Enjoyeat/Public/Shop/ready/vendor.js
ERR: 无法加载模块:Public

[ 2016-06-24T10:24:03+08:00 ] ::1 /1/gg/XDLProject/Enjoyeat/Public/Shop/ready/analytics.js
ERR: 无法加载模块:Public

