[ 2016-06-23T20:03:20+08:00 ] ::1 /XDLProject/Enjoyeat/Admin/Access/index.html
INFO: [ app_begin ] --START--
INFO: Run Behavior\ReadHtmlCacheBehavior [ RunTime:0.000000s ]
INFO: [ app_begin ] --END-- [ RunTime:0.002000s ]
INFO: [ view_parse ] --START--
INFO: [ template_filter ] --START--
INFO: Run Behavior\ContentReplaceBehavior [ RunTime:0.000000s ]
INFO: [ template_filter ] --END-- [ RunTime:0.001000s ]
NOTIC: [8] Undefined variable: title F:\phplearn\wamp64\www\XDLProject\Enjoyeat\Application\Runtime\Cache\Admin\e15d43cd3b085e4e5ef06f8bb67508d9.php 第 12 行.
INFO: Run Behavior\ParseTemplateBehavior [ RunTime:0.040002s ]
INFO: [ view_parse ] --END-- [ RunTime:0.041002s ]
INFO: [ view_filter ] --START--
INFO: Run Behavior\WriteHtmlCacheBehavior [ RunTime:0.001000s ]
INFO: [ view_filter ] --END-- [ RunTime:0.004000s ]
INFO: [ app_end ] --START--
INFO: Run Behavior\ShowPageTraceBehavior [ RunTime:0.001000s ]
INFO: [ app_end ] --END-- [ RunTime:0.002001s ]

[ 2016-06-23T20:03:53+08:00 ] ::1 /XDLProject/Enjoyeat/Admin/Access/ajaxdata.html
INFO: [ app_begin ] --START--
INFO: Run Behavior\ReadHtmlCacheBehavior [ RunTime:0.001001s ]
INFO: [ app_begin ] --END-- [ RunTime:0.002001s ]
SQL: SHOW COLUMNS FROM `enjoyeat_user_login` [ RunTime:0.0040s ]
SQL: SELECT * FROM `enjoyeat_user_login`  [ RunTime:0.0010s ]
INFO: [ app_end ] --START--
INFO: Run Behavior\ShowPageTraceBehavior [ RunTime:0.001000s ]
INFO: [ app_end ] --END-- [ RunTime:0.001000s ]

[ 2016-06-23T20:29:07+08:00 ] ::1 /XDLProject/Enjoyeat/Admin/Access/ajaxdata.html?_=1466684946808
INFO: [ app_begin ] --START--
INFO: Run Behavior\ReadHtmlCacheBehavior [ RunTime:0.001000s ]
INFO: [ app_begin ] --END-- [ RunTime:0.001000s ]
SQL: SHOW COLUMNS FROM `enjoyeat_user_login` [ RunTime:0.0050s ]
SQL: SELECT * FROM `enjoyeat_user_login`  [ RunTime:0.0020s ]
INFO: [ app_end ] --START--
INFO: Run Behavior\ShowPageTraceBehavior [ RunTime:0.002000s ]
INFO: [ app_end ] --END-- [ RunTime:0.002000s ]

[ 2016-06-23T21:11:01+08:00 ] ::1 /XDLProject/Enjoyeat/Admin/Access/index.html
ERR: Think\Controller:assig方法不存在！

[ 2016-06-23T21:11:13+08:00 ] ::1 /XDLProject/Enjoyeat/Admin/Access/index.html
ERR: Think\Controller:assing方法不存在！

