[ 2016-06-22T19:47:39+08:00 ] ::1 /1/gg/XDLProject/Enjoyeat/Admin/Activity/myactivity.html
ERR: 非法操作:myactivity

[ 2016-06-22T21:13:30+08:00 ] ::1 /1/gg/XDLProject/Enjoyeat/Admin/Public/dologin.html
ERR: SQLSTATE[HY000] [1045] Access denied for user 'enjoyeat'@'localhost' (using password: NO)

[ 2016-06-22T21:14:00+08:00 ] ::1 /1/gg/XDLProject/Enjoyeat/Admin/Public/dologin.html
ERR: SQLSTATE[HY000] [1045] Access denied for user 'enjoyeat'@'localhost' (using password: NO)

[ 2016-06-22T21:14:06+08:00 ] ::1 /1/gg/XDLProject/Enjoyeat/Admin/Public/dologin.html
ERR: SQLSTATE[HY000] [1045] Access denied for user 'enjoyeat'@'localhost' (using password: NO)

[ 2016-06-22T21:14:24+08:00 ] ::1 /1/gg/XDLProject/Enjoyeat/Admin/Public
ERR: 非法操作:index

[ 2016-06-22T21:14:30+08:00 ] ::1 /1/gg/XDLProject/Enjoyeat/Admin/Public/login.php
ERR: 非法操作:login.php

[ 2016-06-22T21:22:23+08:00 ] ::1 /1/gg/XDLProject/Enjoyeat/Admin/Public/dologin.html
ERR: SQLSTATE[HY000] [1045] Access denied for user 'enjoyeat'@'localhost' (using password: NO)

[ 2016-06-22T21:25:05+08:00 ] ::1 /1/gg/XDLProject/Enjoyeat/Admin/Public/dologin.html
ERR: SQLSTATE[HY000] [1045] Access denied for user 'enjoyeat'@'localhost' (using password: NO)

[ 2016-06-22T21:25:10+08:00 ] ::1 /1/gg/XDLProject/Enjoyeat/Admin/Public/
ERR: 非法操作:index

[ 2016-06-22T21:26:42+08:00 ] ::1 /1/gg/XDLProject/Enjoyeat/Admin/Public/
ERR: 非法操作:index

[ 2016-06-22T21:31:39+08:00 ] ::1 /1/gg/XDLProject/Enjoyeat/Admin/Public/doLogin.html
ERR: SQLSTATE[HY000] [1045] Access denied for user 'enjoyeat'@'localhost' (using password: NO)

[ 2016-06-22T21:31:55+08:00 ] ::1 /1/gg/XDLProject/Enjoyeat/Admin/Public/doLogin.html
ERR: SQLSTATE[HY000] [1045] Access denied for user 'enjoyeat'@'localhost' (using password: NO)

[ 2016-06-22T21:33:03+08:00 ] ::1 /1/gg/XDLProject/Enjoyeat/Admin/Public/
ERR: 非法操作:index

[ 2016-06-22T21:33:26+08:00 ] ::1 /1/gg/XDLProject/Enjoyeat/Admin/Public/doLogin.html
ERR: SQLSTATE[HY000] [1049] Unknown database 'enjoyeat'

[ 2016-06-22T21:34:35+08:00 ] ::1 /1/gg/XDLProject/Enjoyeat/Admin/Public/doLogin.html
ERR: 1146:Table 'enjoyeat.enjoyeat_enjoyeat_user_login' doesn't exist
 [ SQL语句 ] : SHOW COLUMNS FROM `enjoyeat_enjoyeat_user_login`

